<?xml version="1.0" encoding="UTF-8"?>
<!-- Generated by org.testng.reporters.JUnitReportReporter -->
<testsuite hostname="JaiHo" failures="0" tests="3" name="newpackagetestNg.TestNgClass" time="7.319" errors="0" timestamp="2019-10-06T00:22:30 EDT" skipped="0">
  <testcase classname="newpackagetestNg.TestNgClass" name="Justprint" time="0.000"/>
  <testcase classname="newpackagetestNg.TestNgClass" name="testEasy" time="7.316"/>
  <testcase classname="newpackagetestNg.TestNgClass" name="AgainPrint" time="0.003"/>
</testsuite> <!-- newpackagetestNg.TestNgClass -->
