<?xml version="1.0" encoding="UTF-8"?>
<!-- Generated by org.testng.reporters.JUnitReportReporter -->
<testsuite hostname="JaiHo" failures="0" tests="3" name="newpackagetestNg.TestNgClass" time="7.675" errors="0" timestamp="2019-10-05T22:37:19 EDT" skipped="0">
  <testcase classname="newpackagetestNg.TestNgClass" name="Justprint" time="0.004"/>
  <testcase classname="newpackagetestNg.TestNgClass" name="AgainPrint" time="0.008"/>
  <testcase classname="newpackagetestNg.TestNgClass" name="testEasy" time="7.663"/>
</testsuite> <!-- newpackagetestNg.TestNgClass -->
